07.12.2017 11:34:11 <!-- sql=[update aboutshop set Name = 'SHOP HOA ONLINE 2', Address = ' 175 TÂY SƠN ĐỐNG ĐA HÀ NỘI', Email = ' lienhe@shoponline.vn', Phone = '12345678' where ID = ''] --> 
07.12.2017 11:34:14 <!-- sql=[update aboutshop set Name = 'SHOP HOA ONLINE 2', Address = ' 175 TÂY SƠN ĐỐNG ĐA HÀ NỘI', Email = ' lienhe@shoponline.vn', Phone = '12345678' where ID = ''] --> 
07.12.2017 11:34:27 <!-- sql=[update aboutshop set Name = 'SHOP HOA ONLINE 2', Address = ' 175 TÂY SƠN ĐỐNG ĐA HÀ NỘI', Email = ' lienhe@shoponline.vn', Phone = '12345678' where ID = ''] --> 
07.12.2017 11:37:52 <!-- sql=[update aboutshop set Name = 'SHOP HOA ONLINE 2', Address = ' 175 TÂY SƠN ĐỐNG ĐA HÀ NỘI', Email = ' lienhe@shoponline.vn', Phone = '12345678' where ID = ''] --> 
07.12.2017 11:38:02 <!-- sql=[update aboutshop set Name = 'SHOP HOA ONLINE 2', Address = ' 175 TÂY SƠN ĐỐNG ĐA HÀ NỘI', Email = ' lienhe@shoponline.vn', Phone = '12345678' where ID = ''] --> 
07.12.2017 11:39:52 <!-- sql=[update aboutshop set Name = 'SHOP HOA ONLINE 2', Address = ' 175 TÂY SƠN ĐỐNG ĐA HÀ NỘI', Email = ' lienhe@shoponline.vn', Phone = '12345678' where ID = ''] --> 
07.12.2017 11:39:54 <!-- sql=[update aboutshop set Name = 'SHOP HOA ONLINE 2', Address = ' 175 TÂY SƠN ĐỐNG ĐA HÀ NỘI', Email = ' lienhe@shoponline.vn', Phone = '12345678' where ID = ''] --> 
07.12.2017 11:40:46 <!-- sql=[update aboutshop set Name = 'SHOP HOA ONLINE', Address = ' 175 TÂY SƠN ĐỐNG ĐA HÀ NỘI', Email = ' lienhe@shoponline.vn', Phone = '12345678' where ID = ''] --> 
07.12.2017 11:42:07 <!-- sql=[update aboutshop set Name = 'SHOP HOA ONLINE3', Address = ' 175 TÂY SƠN ĐỐNG ĐA HÀ NỘI', Email = ' lienhe@shoponline.vn', Phone = '12345678' where ID = ''] --> 
07.12.2017 11:42:17 <!-- sql=[update aboutshop set Name = 'SHOP HOA ONLINE  33', Address = ' 175 TÂY SƠN ĐỐNG ĐA HÀ NỘI', Email = ' lienhe@shoponline.vn', Phone = '12345678' where ID = ''] --> 
07.12.2017 11:44:21 <!-- sql=[update aboutshop set Name = 'SHOP HOA ONLINE 22', Address = ' 175 TÂY SƠN ĐỐNG ĐA HÀ NỘI', Email = ' lienhe@shoponline.vn', Phone = '12345678' where ID = ''] --> 
07.12.2017 11:51:27 <!-- sql=[update aboutshop set Name = 'SHOP HOA ONLINE 2', Address = ' 175 TÂY SƠN ĐỐNG ĐA HÀ NỘI', Email = ' lienhe@shoponline.vn', Phone = '12345678' where ID = 1] --> 
07.12.2017 11:52:01 <!-- sql=[update aboutshop set Name = 'SHOP HOA ONLINE 2', Address = ' 175 TÂY SƠN ĐỐNG ĐA HÀ NỘI', Email = ' lienhe@shoponline.vn', Phone = '01222222' where ID = 1] --> 
07.12.2017 11:52:17 <!-- sql=[update aboutshop set Name = 'SHOP HOA ONLINE 3', Address = ' 175 TÂY SƠN ĐỐNG ĐA HÀ NỘI', Email = ' lienhe@shoponline.vn', Phone = '1222222' where ID = 1] --> 
07.12.2017 11:53:25 <!-- sql=[update aboutshop set Name = 'SHOP HOA ONLINE 3 3', Address = ' 175 TÂY SƠN ĐỐNG ĐA HÀ NỘI', Email = ' lienhe@shoponline.vn', Phone = '1222222' where ID = 1] --> 
07.12.2017 11:54:28 <!-- sql=[update aboutshop set Name = 'SHOP HOA ONLINE 3 3', Address = ' 175 TÂY SƠN ĐỐNG ĐA HÀ NỘI', Email = ' lienhe@shoponline.vn', Phone = '1222222' where ID = 1] --> 
07.12.2017 11:54:33 <!-- sql=[update aboutshop set Name = 'SHOP HOA ONLINE 3 3', Address = ' 175 TÂY SƠN ĐỐNG ĐA HÀ NỘI', Email = ' lienhe@shoponline.vn', Phone = '1222222' where ID = 1] --> 
07.12.2017 11:55:39 <!-- sql=[update aboutshop set Name = 'SHOP HOA ONLINE 3 3', Address = ' 175 TÂY SƠN ĐỐNG ĐA HÀ NỘI', Email = ' lienhe@shoponline.vn', Phone = '1222222' where ID = 1] --> 
07.12.2017 11:55:46 <!-- sql=[update aboutshop set Name = 'SHOP HOA ONLINE 3 4', Address = ' 175 TÂY SƠN ĐỐNG ĐA HÀ NỘI', Email = ' lienhe@shoponline.vn', Phone = '1222222' where ID = 1] --> 
07.12.2017 11:56:22 <!-- sql=[update aboutshop set Name = 'SHOP HOA ONLINE 3 4', Address = ' 175 TÂY SƠN ĐỐNG ĐA HÀ NỘI', Email = ' lienhe@shoponline.vn', Phone = '1222222' , Fanpage = 'a22' where ID = 1] --> 
07.12.2017 11:58:04 <!-- sql=[update aboutshop set Name = 'SHOP HOA ONLINE 3 4', Address = ' 175 TÂY SƠN ĐỐNG ĐA HÀ NỘI', Email = ' lienhe@shoponline.vn', Phone = '1222222' , Fanpage = 'a22â' where ID = 1] --> 
