30.11.2017 08:14:45 <!-- sql=[insert into category(Category_Name, Parent_id) values ('aaa', 'â ')] --> 
30.11.2017 08:15:13 <!-- sql=[insert into category(Category_Name, Parent_id) values ('aaa', 'â ')] --> 
30.11.2017 08:15:42 <!-- sql=[insert into category(Category_Name, Parent_id) values ('777', 'aa ')] --> 
30.11.2017 08:15:59 <!-- sql=[insert into category(Category_Name, Parent_id) values ('777', 'aa ')] --> 
30.11.2017 08:16:24 <!-- sql=[insert into category(Category_Name, Parent_id) values ('aa', 'â ')] --> 
30.11.2017 08:16:54 <!-- sql=[insert into category(Category_Name, Parent_id) values ('55', '5 ')] --> 
30.11.2017 08:18:26 <!-- sql=[insert into category(Category_Name, Parent_id) values ('33', '33 ')] --> 
30.11.2017 08:31:00 <!-- sql=[update category set Category_name = 'Hoa theo thể loại', Parent_id = '3' where ID = ''] --> 
30.11.2017 08:31:13 <!-- sql=[update category set Category_name = 'Hoa theo thể loại', Parent_id = '2' where ID = ''] --> 
30.11.2017 08:31:47 <!-- sql=[update category set Category_name = 'Hoa cao cấp', Parent_id = '1' where ID = ''] --> 
30.11.2017 08:33:38 <!-- sql=[update category set Category_name = 'Hoa cao cấp', Parent_id = '1' where ID = ''] --> 
30.11.2017 08:51:13 <!-- sql=[update news set Title = 'Bài viết 222222', Summarize = 'Nội dung bài viết 1', Image = '' ,  News_Content = 'Nôi dung tin tức				' where ID = ''] --> 
30.11.2017 08:51:33 <!-- sql=[update news set Title = 'Bài viết 3222', Summarize = 'Nội dung bài viết 1', Image = '' ,  News_Content = 'Nôi dung tin tức				' where ID = ''] --> 
30.11.2017 08:51:51 <!-- sql=[update news set Title = 'Bài viết 3222', Summarize = 'Nội dung bài viết 1', Image = '' ,  News_Content = 'Nôi dung tin tức				' where ID = ''] --> 
30.11.2017 08:52:25 <!-- sql=[update news set Title = 'Bài viết 3222', Summarize = 'Nội dung bài viết 1', Image = '' ,  News_Content = 'Nôi dung tin tức				' where ID =''] --> 
30.11.2017 08:52:42 <!-- sql=[update news set Title = 'Bài viết 3222', Summarize = 'Nội dung bài viết 1', Image = '' ,  News_Content = 'Nôi dung tin tức				' where ID =''] --> 
30.11.2017 08:52:48 <!-- sql=[update news set Title = 'Bài viết 7222', Summarize = 'Nội dung bài viết 1', Image = '' ,  News_Content = 'Nôi dung tin tức				' where ID =''] --> 
01.12.2017 04:36:28 <!-- sql=[insert into news(Title, Summarize, 	Image, 	News_Content) values ('Tin tức demo', 'mô tả ngắn ', 'img','des')] --> 
13.12.2017 02:11:01 <!-- sql=[update users set User_Name = 'userww', Password = '0', Full_Name = 'User' ,  DOB = '0',  Sex = '0',  Address = 'Hà Nội',  Email = 'admin@gmail.com',  Moblie_Phone = '0' where ID =''] --> 
13.12.2017 02:11:27 <!-- sql=[update users set User_Name = 'user66', Password = '0', Full_Name = 'User' ,  DOB = '0',  Sex = '0',  Address = 'Hà Nội',  Email = 'admin@gmail.com',  Moblie_Number = '0' where ID =''] --> 
13.12.2017 02:12:03 <!-- sql=[update users set User_Name = 'user66', Password = '0', Full_Name = 'User' ,  DOB = '0',  Sex = '0',  Address = 'Hà Nội',  Email = 'admin@gmail.com',  Moblie_Number = '0' where ID =''] --> 
13.12.2017 02:12:05 <!-- sql=[update users set User_Name = 'user66', Password = '0', Full_Name = 'User' ,  DOB = '0',  Sex = '0',  Address = 'Hà Nội',  Email = 'admin@gmail.com',  Moblie_Number = '0' where ID =''] --> 
13.12.2017 02:12:06 <!-- sql=[update users set User_Name = 'user66', Password = '0', Full_Name = 'User' ,  DOB = '0',  Sex = '0',  Address = 'Hà Nội',  Email = 'admin@gmail.com',  Moblie_Number = '0' where ID =''] --> 
13.12.2017 02:12:11 <!-- sql=[update users set User_Name = 'user33', Password = '0', Full_Name = 'User' ,  DOB = '0',  Sex = '0',  Address = 'Hà Nội',  Email = 'admin@gmail.com',  Moblie_Number = '0' where ID ='2'] --> 
13.12.2017 02:12:27 <!-- sql=[update users set User_Name = 'user33', Password = '0', Full_Name = 'User' ,  DOB = '0',  Sex = '0',  Address = 'Hà Nội',  Email = 'admin@gmail.com',  Moblie_Number = '0' where ID ='2'] --> 
13.12.2017 02:12:38 <!-- sql=[update users set User_Name = 'user33', Password = '0', Full_Name = 'User' ,  DOB = '0',  Sex = '0',  Address = 'Hà Nội',  Email = 'admin@gmail.com',  Moblie_Number = '0' where ID ='2'] --> 
13.12.2017 02:13:03 <!-- sql=[update users set User_Name = 'user33', Password = '0', Full_Name = 'User' ,  DOB = '0',  Sex = '0',  Address = 'Hà Nội',  Email = 'admin@gmail.com',  Moblie_Number = '0' where ID ='2'] --> 
13.12.2017 02:13:12 <!-- sql=[update users set User_Name = 'user33', Password = '0', Full_Name = 'User' ,  DOB = '0',  Sex = '0',  Address = 'Hà Nội',  Email = 'admin@gmail.com',  Moblie_Number = '0999999' where ID ='2'] --> 
13.12.2017 02:13:18 <!-- sql=[update users set User_Name = 'Duc', Password = '0', Full_Name = '' ,  DOB = '0',  Sex = '0',  Address = '',  Email = 'qdat.ct2s@gmail.com',  Moblie_Number = '0876666' where ID ='3'] --> 
13.12.2017 02:29:56 <!-- sql=[insert into users(User_Name, Password,  Full_Name, DOB, Sex,Address, Email, Moblie_Number, Status , Permission, Registed_Date) values ('222', 'cfcd208495d565ef66e7dff9f98764da' ,  'eeee','0', '0', 'HN' ,'qdat.ctwws@gmail.com', '087777777', '1','0', '2017/12/13 14:29:56')] --> 
13.12.2017 02:30:13 <!-- sql=[insert into users(User_Name, Password,  Full_Name, DOB, Sex,Address, Email, Moblie_Number, Status , Permission, Registed_Date) values ('222', 'cfcd208495d565ef66e7dff9f98764da' ,  'eeee','0', '0', 'HN' ,'qdat.ctwws@gmail.com', '087777777', '1','0', '2017/12/13 14:30:13')] --> 
24.12.2017 07:52:23 <!-- sql=[insert into users(User_Name, Password, DOB, Sex,Address, Email, Moblie_Number, Status , Permission, Registed_Date) values ('Test', 'cfcd208495d565ef66e7dff9f98764da','0', '0', 'Hà Nội' ,'qdat.cts@gmail.com', '0976555554', '1','0', '2017/12/24 19:52:23')] --> 
24.12.2017 08:06:05 <!-- sql=[insert into users(User_Name, Password, DOB, Sex,Address, Email, Moblie_Number, Status , Permission, Registed_Date) values ('DD', 'cfcd208495d565ef66e7dff9f98764da','0', '0', 'HN' ,'qdat.cts3@gmail.com', '088888', '1','0', '2017/12/24 20:06:05')] --> 
24.12.2017 08:15:29 <!-- sql=[insert into users(User_Name, Password, DOB, Sex,Address, Email, Moblie_Number, Status , Permission, Registed_Date) values ('dadd', 'cfcd208495d565ef66e7dff9f98764da','0', '0', 'HN' ,'adminw@gmail.com', '0887777', '1','0', '2017-12-24 20:15:29')] --> 
24.12.2017 08:16:51 <!-- sql=[insert into users(User_Name, Password, DOB, Sex,Address, Email, Moblie_Number, Status , Permission, Registed_Date) values ('dadd', 'cfcd208495d565ef66e7dff9f98764da','1970-01-01 01:00:00', '0', 'HN' ,'adminw@gmail.com', '0887777', '1','0', '2017-12-24 20:16:51')] --> 
24.12.2017 08:17:02 <!-- sql=[insert into users(User_Name, Password, DOB, Sex,Address, Email, Moblie_Number, Status , Permission, Registed_Date) values ('dadd', 'cfcd208495d565ef66e7dff9f98764da','1970-01-01 01:00:00', '0', 'HN' ,'adminw@gmail.com', '0887777', '1','0', '2017-12-24 20:17:02')] --> 
24.12.2017 08:17:37 <!-- sql=[insert into users(User_Name, Password, DOB, Sex,Address, Email, Moblie_Number, Status , Permission, Registed_Date) values ('dadd', 'cfcd208495d565ef66e7dff9f98764da','1970-01-01 01:00:00', '0', 'HN' ,'adminw@gmail.com', '0887777', '1','0', '2017-12-24 20:17:37')] --> 
24.12.2017 08:18:47 <!-- sql=[insert into users(User_Name, Password, DOB, Sex,Address, Email, Moblie_Number, Status , Permission, Registed_Date) values ('dadd', 'cfcd208495d565ef66e7dff9f98764da','1970-01-01 01:00:00', '0', 'HN' ,'adminw@gmail.com', '0887777', '1','0', '2017-12-24 20:18:47')] --> 
24.12.2017 08:19:02 <!-- sql=[insert into users(User_Name, Password, DOB, Sex,Address, Email, Moblie_Number, Status , Permission, Registed_Date) values ('ww55555', 'cfcd208495d565ef66e7dff9f98764da','1970-01-01 01:00:00', '0', '22' ,'adminw@gmail.com', '988888888', '1','0', '2017-12-24 20:19:02')] --> 
24.12.2017 08:22:09 <!-- sql=[insert into users(User_Name, Password, DOB, Sex,Address, Email, Moblie_Number, Status , Permission, Registed_Date) values ('dd', 'cfcd208495d565ef66e7dff9f98764da','2017-12-06', '0', 'e' ,'adminw@gmail.com', '988888888', '1','0', '2017-12-24 20:22:09')] --> 
24.12.2017 08:23:08 <!-- sql=[insert into users(User_Name, Password, DOB, Sex,Address, Email, Moblie_Number, Status , Permission, Registed_Date) values ('dd', 'cfcd208495d565ef66e7dff9f98764da','2017-12-06', '0', 'e' ,'adminw@gmail.com', '988888888', '1','0', '2017-12-24 20:23:08')] --> 
24.12.2017 08:24:17 <!-- sql=[insert into users(User_Name, Password, DOB, Sex,Address, Email, Moblie_Number, Status , Permission, Registed_Date) values ('dd', 'cfcd208495d565ef66e7dff9f98764da','2017-12-06', '0', 'e' ,'adminw@gmail.com', '988888888', '1','0', '2017-12-24 20:24:17')] --> 
28.12.2017 07:56:40 <!-- sql=[update users set User_Name = 'Test2', Password = '0', Full_Name = '0' ,  DOB = '0',  Sex = '0',  Address = 'e',  Email = 'test@gmail.com',  Moblie_Number = '988888888' where ID ='10'] --> 
28.12.2017 07:56:50 <!-- sql=[update users set User_Name = 'Test222', Password = '0', Full_Name = '0' ,  DOB = '0',  Sex = '0',  Address = 'e',  Email = 'test@gmail.com',  Moblie_Number = '988888888' where ID ='10'] --> 
28.12.2017 07:57:28 <!-- sql=[insert into users(User_Name, Password, DOB, Sex,Address, Email, Moblie_Number, Status , Permission, Registed_Date) values ('TEsst 2', 'cfcd208495d565ef66e7dff9f98764da','2017-12-26', '0', 'HN' ,'tes2@gmail.com', '096666666', '1','0', '2017-12-28 19:57:28')] --> 
28.12.2017 07:57:35 <!-- sql=[update users set User_Name = 'aa', Password = '0', Full_Name = '0' ,  DOB = '0',  Sex = '0',  Address = 'HN',  Email = 'tes2@gmail.com',  Moblie_Number = '96666666' where ID ='14'] --> 
28.12.2017 07:58:19 <!-- sql=[update users set User_Name = 'TEsst 2www', Password = '0' ,  DOB = '0',  Sex = '0',  Address = 'HN',  Email = 'tes2@gmail.com',  Moblie_Number = '96666666' where ID ='14'] --> 
28.12.2017 07:59:37 <!-- sql=[insert into users(User_Name, Password, DOB, Sex,Address, Email, Moblie_Number, Status , Permission, Registed_Date) values ('aaa', 'cfcd208495d565ef66e7dff9f98764da','2017-12-05', '0', 'HN' ,'2e@gmal.com', '0966666', '1','0', '2017-12-28 19:59:37')] --> 
28.12.2017 08:00:23 <!-- sql=[insert into users(User_Name, Password, DOB, Sex,Address, Email, Moblie_Number, Status , Permission, Registed_Date) values ('Tran Dat', 'cfcd208495d565ef66e7dff9f98764da','2017-12-13', '0', 'HÀ NỘI' ,'qdat.cts@gmail.com', '988888888', '1','0', '2017-12-28 20:00:23')] --> 
28.12.2017 08:01:11 <!-- sql=[insert into users(User_Name, Password, DOB, Sex,Address, Email, Moblie_Number, Status , Permission, Registed_Date) values ('aaa', 'cfcd208495d565ef66e7dff9f98764da','2017-12-06', '0', 'HN' ,'admiwnw@gmail.com', '06655555', '1','0', '2017-12-28 20:01:11')] --> 
28.12.2017 08:02:07 <!-- sql=[insert into users(User_Name, Password, DOB, Sex,Address, Email, Moblie_Number, Status , Permission, Registed_Date) values ('Xin cahof', 'cfcd208495d565ef66e7dff9f98764da','2017-12-05', '0', 'HN' ,'a22dminw@gmail.com', '09777777', '1','0', '2017-12-28 20:02:07')] --> 
28.12.2017 08:02:15 <!-- sql=[update users set User_Name = 'aaa222', Password = '0' ,  DOB = '0',  Sex = '0',  Address = 'HN',  Email = 'admiwnw@gmail.com',  Moblie_Number = '6655555' where ID ='17'] --> 
28.12.2017 08:02:26 <!-- sql=[update users set User_Name = 'aaa55555', Password = '0' ,  DOB = '0',  Sex = '0',  Address = 'HN',  Email = '2e@gmal.com',  Moblie_Number = '966666' where ID ='15'] --> 
28.12.2017 09:45:31 <!-- sql=[update users set User_Name = 'Khách hang2', Password = '0' ,  DOB = '0',  Sex = '0',  Address = '',  Email = 'khachhang@gmail.com',  Moblie_Number = '' where ID ='<br />
<b>Notice</b>:  Undefined index: id in <b>H:\xampp\htdocs\shopbanhoa\page\settinguser.php</b> on line <b>44</b><br />
'] --> 
28.12.2017 10:27:58 <!-- sql=[insert into users(User_Name, Password, DOB, Sex,Address, Email, Moblie_Number, Status , Permission, Registed_Date) values ('aaaa', 'cfcd208495d565ef66e7dff9f98764da','2017-12-11', '0', 'HN' ,'admiqqnw@gmail.com', '0877777', '1','0', '2017-12-28 22:27:58')] --> 
02.06.2018 11:47:15 <!-- sql=[insert into users(User_Name, Password, DOB, Sex,Address, Email, Moblie_Number, Status , Permission, Registed_Date) values ('đâ', 'cfcd208495d565ef66e7dff9f98764da','0', '0', 'đá' ,'qda@gmalcom', '09999999', '1','0', '2018-06-02 11:47:15')] --> 
13.06.2018 05:14:04 <!-- sql=[update users set User_Name = 'canhvinh', Password = '0' ,  DOB = '01/01/1970',  Sex = '0',  Address = '12/15/dong da ha noi',  Email = 'canhvinhdev@gmail.com',  Moblie_Number = '' where ID ='16'] --> 
13.06.2018 05:15:54 <!-- sql=[update users set User_Name = 'canhvinh', Password = '0' ,  DOB = '01/01/1970',  Sex = '0',  Address = '12/15/dong da ha noi',  Email = 'canhvinhdev@gmail.com',  Moblie_Number = '' where ID ='16'] --> 
13.06.2018 05:16:56 <!-- sql=[update users set User_Name = 'canhvinh', Password = '0' ,  DOB = '01/01/1970',  Sex = '0',  Address = '12/15/dong da ha noi',  Email = 'canhvinhdev@gmail.com',  Moblie_Number = '0' where ID ='16'] --> 
13.06.2018 05:17:41 <!-- sql=[update users set User_Name = 'canhvinh', Password = '0' ,  DOB = '01/01/1970',  Sex = '0',  Address = '12/15/dong da ha noi',  Email = 'canhvinhdev@gmail.com',  Moblie_Number = '0' where ID ='16'] --> 
13.06.2018 05:18:00 <!-- sql=[update users set User_Name = 'canhvinh', Password = '0' ,  DOB = '01/01/1971',  Sex = '0',  Address = '12/15/dong da ha noi',  Email = 'canhvinhdev@gmail.com',  Moblie_Number = '0' where ID ='16'] --> 
14.06.2018 04:03:14 <!-- sql=[update users set User_Name = 'canhvinh', Password = '0' ,  DOB = '01/01/1971',  Sex = '0',  Address = '12/15/dong da ha noi',  Email = 'canhvinhdev@gmail.com',  Moblie_Number = '984009503' where ID ='16'] --> 
14.06.2018 04:03:27 <!-- sql=[update users set User_Name = 'canhvinh', Password = '0' ,  DOB = '01/01/1971',  Sex = '0',  Address = '12/15/dong da ha noi',  Email = 'canhvinhdev@gmail.com',  Moblie_Number = '984009503' where ID ='16'] --> 
14.06.2018 04:03:52 <!-- sql=[update users set User_Name = 'canhvinh', Password = '0' ,  DOB = '01/01/1971',  Sex = '0',  Address = '12/15/dong da ha noi',  Email = 'canhvinhdev@gmail.com',  Moblie_Number = '984009503' where ID ='16'] --> 
14.06.2018 06:03:20 sql=[select * from users where ID = 20] 
14.06.2018 06:03:20 <!-- sql=[update users set User_Name = 'tran van d', DOB = '01/01/1970',  Sex = '0',  Address = 'nam dinh',  Email = 'tutv94@gmail.com',  Moblie_Number = '123456789' where ID ='20'] --> 
14.06.2018 06:04:58 sql=[select * from users where ID = 16] 
14.06.2018 06:04:58 <!-- sql=[0] --> 
14.06.2018 06:05:29 sql=[select * from users where ID = 16] 
14.06.2018 06:05:29 <!-- sql=[0] --> 
14.06.2018 06:05:55 sql=[select * from users where ID = 16] 
14.06.2018 06:05:55 <!-- sql=[0] --> 
14.06.2018 06:06:25 sql=[select * from users where ID = 16] 
14.06.2018 06:06:25 <!-- sql=[0] --> 
14.06.2018 06:06:57 sql=[select * from users where ID = 16] 
14.06.2018 06:06:57 <!-- sql=[0] --> 
14.06.2018 06:09:17 sql=[select * from users where ID = 16] 
14.06.2018 06:09:17 <!-- sql=[update users set User_Name = 'tututuww', Password = 'cfcd208495d565ef66e7dff9f98764da',  DOB = '12/01/1991',  Sex = '1',  Address = 'nham hoa',  Email = 'tututuww@gmail.com',  Moblie_Number = '962089067' where ID ='16'] --> 
14.06.2018 06:09:32 sql=[select * from users where ID = 16] 
14.06.2018 06:09:32 <!-- sql=[update users set User_Name = 'tututuww',Password = '0' DOB = '12/01/1991',  Sex = '1',  Address = 'nham hoa',  Email = 'tututuww@gmail.com',  Moblie_Number = '962089067' where ID ='16'] --> 
14.06.2018 06:09:43 sql=[select * from users where ID = 16] 
14.06.2018 06:09:43 <!-- sql=[update users set User_Name = 'tututuww',Password = '0' DOB = '01/12/1991',  Sex = '1',  Address = 'nham hoa',  Email = 'tututuww@gmail.com',  Moblie_Number = '962089067' where ID ='16'] --> 
14.06.2018 06:10:35 sql=[select * from users where ID = 16] 
14.06.2018 06:10:35 <!-- sql=[update users set User_Name = 'tututuww',Password = '0' DOB = '01/12/1991',  Sex = '1',  Address = 'nham hoa',  Email = 'tututuww@gmail.com',  Moblie_Number = '962089067' where ID ='16'] --> 
